2025-05-03 04:52:37.038 [SpringApplicationShutdownHook] INFO  o.s.b.w.e.netty.GracefulShutdown [, , ] - Commencing graceful shutdown. Waiting for active requests to complete
2025-05-03 04:52:37.044 [netty-shutdown] INFO  o.s.b.w.e.netty.GracefulShutdown [, , ] - Graceful shutdown complete
2025-05-03 04:52:42.909 [main] INFO  o.e.apigateway.ApiGatewayApplication [, , ] - Starting ApiGatewayApplication using Java 21 with PID 7024 (C:\Users\Василий\IdeaProjects\CarRental\api-gateway\target\classes started by Vasya in C:\Users\Василий\IdeaProjects\CarRental)
2025-05-03 04:52:42.910 [main] INFO  o.e.apigateway.ApiGatewayApplication [, , ] - No active profile set, falling back to 1 default profile: "default"
2025-05-03 04:52:43.377 [main] INFO  o.s.cloud.context.scope.GenericScope [, , ] - BeanFactory id=4cfa5e38-8c61-3bf3-96a7-01ab1650d141
2025-05-03 04:52:44.659 [main] INFO  o.s.cloud.commons.util.InetUtils [, , ] - Cannot determine local hostname
2025-05-03 04:52:44.862 [main] INFO  o.s.c.g.r.RouteDefinitionRouteLocator [, , ] - Loaded RoutePredicateFactory [After]
2025-05-03 04:52:44.862 [main] INFO  o.s.c.g.r.RouteDefinitionRouteLocator [, , ] - Loaded RoutePredicateFactory [Before]
2025-05-03 04:52:44.862 [main] INFO  o.s.c.g.r.RouteDefinitionRouteLocator [, , ] - Loaded RoutePredicateFactory [Between]
2025-05-03 04:52:44.862 [main] INFO  o.s.c.g.r.RouteDefinitionRouteLocator [, , ] - Loaded RoutePredicateFactory [Cookie]
2025-05-03 04:52:44.862 [main] INFO  o.s.c.g.r.RouteDefinitionRouteLocator [, , ] - Loaded RoutePredicateFactory [Header]
2025-05-03 04:52:44.862 [main] INFO  o.s.c.g.r.RouteDefinitionRouteLocator [, , ] - Loaded RoutePredicateFactory [Host]
2025-05-03 04:52:44.862 [main] INFO  o.s.c.g.r.RouteDefinitionRouteLocator [, , ] - Loaded RoutePredicateFactory [Method]
2025-05-03 04:52:44.862 [main] INFO  o.s.c.g.r.RouteDefinitionRouteLocator [, , ] - Loaded RoutePredicateFactory [Path]
2025-05-03 04:52:44.862 [main] INFO  o.s.c.g.r.RouteDefinitionRouteLocator [, , ] - Loaded RoutePredicateFactory [Query]
2025-05-03 04:52:44.862 [main] INFO  o.s.c.g.r.RouteDefinitionRouteLocator [, , ] - Loaded RoutePredicateFactory [ReadBody]
2025-05-03 04:52:44.862 [main] INFO  o.s.c.g.r.RouteDefinitionRouteLocator [, , ] - Loaded RoutePredicateFactory [RemoteAddr]
2025-05-03 04:52:44.862 [main] INFO  o.s.c.g.r.RouteDefinitionRouteLocator [, , ] - Loaded RoutePredicateFactory [XForwardedRemoteAddr]
2025-05-03 04:52:44.862 [main] INFO  o.s.c.g.r.RouteDefinitionRouteLocator [, , ] - Loaded RoutePredicateFactory [Weight]
2025-05-03 04:52:44.862 [main] INFO  o.s.c.g.r.RouteDefinitionRouteLocator [, , ] - Loaded RoutePredicateFactory [CloudFoundryRouteService]
2025-05-03 04:52:45.992 [main] INFO  o.s.cloud.commons.util.InetUtils [, , ] - Cannot determine local hostname
2025-05-03 04:52:46.137 [main] INFO  o.s.b.w.e.netty.NettyWebServer [, , ] - Netty started on port 8080 (http)
2025-05-03 04:52:47.148 [main] INFO  o.s.cloud.commons.util.InetUtils [, , ] - Cannot determine local hostname
2025-05-03 04:52:48.161 [main] INFO  o.s.cloud.commons.util.InetUtils [, , ] - Cannot determine local hostname
2025-05-03 04:52:48.198 [main] INFO  o.e.apigateway.ApiGatewayApplication [, , ] - Started ApiGatewayApplication in 6.715 seconds (process running for 8.004)
2025-05-03 04:58:18.428 [SpringApplicationShutdownHook] INFO  o.s.b.w.e.netty.GracefulShutdown [, , ] - Commencing graceful shutdown. Waiting for active requests to complete
2025-05-03 04:58:18.430 [netty-shutdown] INFO  o.s.b.w.e.netty.GracefulShutdown [, , ] - Graceful shutdown complete
